{"level":"error","message":"Couldn't get a server response","service":"MYGP","timestamp":"2025-06-23 16:35:57"}
{"level":"error","message":"Failed to connect to server","service":"MYGP","timestamp":"2025-06-23 16:36:35"}
{"level":"error","message":"Failed to connect to server","service":"MYGP","timestamp":"2025-06-23 16:38:16"}
{"level":"error","message":"Failed to connect to server","service":"MYGP","timestamp":"2025-06-23 16:39:54"}
{"level":"error","message":"Failed to connect to server","service":"MYGP","timestamp":"2025-06-23 16:40:07"}
{"level":"error","message":"Failed to connect to server","service":"MYGP","timestamp":"2025-06-23 16:40:53"}
{"level":"info","message":"Alice Brown with email alice.brown@example.com logged in","service":"MYGP","timestamp":"2025-06-23 16:45:29"}
{"level":"error","message":"Failed to connect to server","service":"MYGP","timestamp":"2025-06-23 17:08:31"}
{"level":"error","message":"Failed to connect to server","service":"MYGP","timestamp":"2025-06-23 17:08:51"}
{"level":"error","message":"Failed to connect to server","service":"MYGP","timestamp":"2025-06-23 17:09:23"}
{"level":"error","message":"Failed to connect to server","service":"MYGP","timestamp":"2025-06-23 17:09:36"}
{"level":"error","message":"Failed to connect to server","service":"MYGP","timestamp":"2025-06-23 17:09:58"}
{"level":"error","message":"Failed to connect to server","service":"MYGP","timestamp":"2025-06-23 17:10:36"}
{"level":"error","message":"Failed to connect to server","service":"MYGP","timestamp":"2025-06-23 17:10:52"}
{"level":"error","message":"Failed to connect to server","service":"MYGP","timestamp":"2025-06-23 17:11:22"}
{"level":"error","message":"Failed to connect to server","service":"MYGP","timestamp":"2025-06-23 17:11:41"}
{"level":"error","message":"Failed to connect to server","service":"MYGP","timestamp":"2025-06-23 17:12:06"}
{"level":"info","message":"Alice Brown with email alice.brown@example.com logged in","service":"MYGP","timestamp":"2025-06-23 17:12:39"}
{"level":"error","message":"Failed to connect to server","service":"MYGP","timestamp":"2025-06-23 17:12:52"}
{"level":"error","message":"Failed to connect to server","service":"MYGP","timestamp":"2025-06-23 17:13:34"}
{"level":"error","message":"Failed to connect to server","service":"MYGP","timestamp":"2025-06-23 17:14:29"}
{"level":"error","message":"Failed to connect to server","service":"MYGP","timestamp":"2025-06-23 17:14:32"}
{"level":"error","message":"Failed to connect to server","service":"MYGP","timestamp":"2025-06-23 17:15:13"}
{"level":"error","message":"Failed to connect to server","service":"MYGP","timestamp":"2025-06-23 17:15:49"}
{"level":"error","message":"Failed to connect to server","service":"MYGP","timestamp":"2025-06-23 17:16:40"}
{"level":"error","message":"Failed to connect to server","service":"MYGP","timestamp":"2025-06-23 17:16:48"}
{"level":"error","message":"Failed to connect to server","service":"MYGP","timestamp":"2025-06-23 17:18:09"}
{"level":"error","message":"Failed to connect to server","service":"MYGP","timestamp":"2025-06-23 17:18:37"}
{"level":"error","message":"Failed to connect to server","service":"MYGP","timestamp":"2025-06-23 17:18:54"}
{"level":"error","message":"Failed to connect to server","service":"MYGP","timestamp":"2025-06-23 17:19:34"}
{"level":"error","message":"Failed to connect to server","service":"MYGP","timestamp":"2025-06-23 17:19:37"}
{"level":"error","message":"Failed to connect to server","service":"MYGP","timestamp":"2025-06-23 17:21:42"}
{"level":"error","message":"Failed to connect to server","service":"MYGP","timestamp":"2025-06-23 17:23:18"}
{"level":"error","message":"Failed to connect to server","service":"MYGP","timestamp":"2025-06-23 17:34:50"}
{"level":"info","message":"Alice Brown with email alice.brown@example.com logged in","service":"MYGP","timestamp":"2025-06-23 17:41:21"}
{"level":"error","message":"Failed to connect to server","service":"MYGP","timestamp":"2025-06-23 17:49:39"}
{"level":"error","message":"Failed to connect to server","service":"MYGP","timestamp":"2025-06-23 17:52:43"}
{"level":"error","message":"Failed to connect to server","service":"MYGP","timestamp":"2025-06-23 17:53:13"}
{"level":"error","message":"Failed to connect to server","service":"MYGP","timestamp":"2025-06-23 17:59:32"}
{"level":"error","message":"Failed to connect to server","service":"MYGP","timestamp":"2025-06-23 18:04:21"}
{"level":"error","message":"Failed to connect to server","service":"MYGP","timestamp":"2025-06-23 18:04:28"}
{"level":"error","message":"Failed to connect to server","service":"MYGP","timestamp":"2025-06-23 18:04:34"}
{"level":"error","message":"Failed to connect to server","service":"MYGP","timestamp":"2025-06-23 18:04:57"}
{"level":"error","message":"Failed to connect to server","service":"MYGP","timestamp":"2025-06-23 18:05:08"}
{"level":"error","message":"Failed to connect to server","service":"MYGP","timestamp":"2025-06-24 09:45:06"}
{"description":"Route /transbel/entregas couldn't be rendered statically because it used `cookies`. See more info here: https://nextjs.org/docs/messages/dynamic-server-error","digest":"DYNAMIC_SERVER_USAGE","level":"error","message":"Dynamic server usage: Route /transbel/entregas couldn't be rendered statically because it used `cookies`. See more info here: https://nextjs.org/docs/messages/dynamic-server-error","service":"MYGP","stack":"Error: Dynamic server usage: Route /transbel/entregas couldn't be rendered statically because it used `cookies`. See more info here: https://nextjs.org/docs/messages/dynamic-server-error\n    at m (C:\\Users\\programador01\\MyGP_Frontend_v2\\.next\\server\\chunks\\719.js:19:10449)\n    at f (C:\\Users\\programador01\\MyGP_Frontend_v2\\.next\\server\\chunks\\999.js:1:16767)\n    at d (C:\\Users\\programador01\\MyGP_Frontend_v2\\.next\\server\\app\\transbel\\entregas\\page.js:1:9177)\n    at ek (C:\\Users\\programador01\\MyGP_Frontend_v2\\node_modules\\next\\dist\\compiled\\next-server\\app-page.runtime.prod.js:17:13337)\n    at e (C:\\Users\\programador01\\MyGP_Frontend_v2\\node_modules\\next\\dist\\compiled\\next-server\\app-page.runtime.prod.js:17:17246)\n    at e$ (C:\\Users\\programador01\\MyGP_Frontend_v2\\node_modules\\next\\dist\\compiled\\next-server\\app-page.runtime.prod.js:17:17708)\n    at Array.toJSON (C:\\Users\\programador01\\MyGP_Frontend_v2\\node_modules\\next\\dist\\compiled\\next-server\\app-page.runtime.prod.js:17:14854)\n    at stringify (<anonymous>)\n    at eF (C:\\Users\\programador01\\MyGP_Frontend_v2\\node_modules\\next\\dist\\compiled\\next-server\\app-page.runtime.prod.js:17:26079)\n    at eq (C:\\Users\\programador01\\MyGP_Frontend_v2\\node_modules\\next\\dist\\compiled\\next-server\\app-page.runtime.prod.js:17:26391)","timestamp":"2025-06-24 09:45:06"}
{"description":"Route /transbel/entregas couldn't be rendered statically because it used `cookies`. See more info here: https://nextjs.org/docs/messages/dynamic-server-error","digest":"DYNAMIC_SERVER_USAGE","level":"error","message":"Dynamic server usage: Route /transbel/entregas couldn't be rendered statically because it used `cookies`. See more info here: https://nextjs.org/docs/messages/dynamic-server-error","service":"MYGP","stack":"Error: Dynamic server usage: Route /transbel/entregas couldn't be rendered statically because it used `cookies`. See more info here: https://nextjs.org/docs/messages/dynamic-server-error\n    at m (C:\\Users\\programador01\\MyGP_Frontend_v2\\.next\\server\\chunks\\719.js:19:10449)\n    at f (C:\\Users\\programador01\\MyGP_Frontend_v2\\.next\\server\\chunks\\999.js:1:16767)\n    at d (C:\\Users\\programador01\\MyGP_Frontend_v2\\.next\\server\\app\\transbel\\entregas\\page.js:1:9176)\n    at ek (C:\\Users\\programador01\\MyGP_Frontend_v2\\node_modules\\next\\dist\\compiled\\next-server\\app-page.runtime.prod.js:17:13337)\n    at e (C:\\Users\\programador01\\MyGP_Frontend_v2\\node_modules\\next\\dist\\compiled\\next-server\\app-page.runtime.prod.js:17:17246)\n    at e$ (C:\\Users\\programador01\\MyGP_Frontend_v2\\node_modules\\next\\dist\\compiled\\next-server\\app-page.runtime.prod.js:17:17708)\n    at Array.toJSON (C:\\Users\\programador01\\MyGP_Frontend_v2\\node_modules\\next\\dist\\compiled\\next-server\\app-page.runtime.prod.js:17:14854)\n    at stringify (<anonymous>)\n    at eF (C:\\Users\\programador01\\MyGP_Frontend_v2\\node_modules\\next\\dist\\compiled\\next-server\\app-page.runtime.prod.js:17:26079)\n    at eq (C:\\Users\\programador01\\MyGP_Frontend_v2\\node_modules\\next\\dist\\compiled\\next-server\\app-page.runtime.prod.js:17:26391)","timestamp":"2025-06-24 10:04:41"}
{"level":"error","message":"Failed to connect to server","service":"MYGP","timestamp":"2025-06-24 10:04:41"}
{"level":"error","message":"Failed to connect to server","service":"MYGP","timestamp":"2025-06-24 10:05:47"}
{"description":"Route /transbel/entregas couldn't be rendered statically because it used `cookies`. See more info here: https://nextjs.org/docs/messages/dynamic-server-error","digest":"DYNAMIC_SERVER_USAGE","level":"error","message":"Dynamic server usage: Route /transbel/entregas couldn't be rendered statically because it used `cookies`. See more info here: https://nextjs.org/docs/messages/dynamic-server-error","service":"MYGP","stack":"Error: Dynamic server usage: Route /transbel/entregas couldn't be rendered statically because it used `cookies`. See more info here: https://nextjs.org/docs/messages/dynamic-server-error\n    at m (C:\\Users\\programador01\\MyGP_Frontend_v2\\.next\\server\\chunks\\719.js:19:10449)\n    at f (C:\\Users\\programador01\\MyGP_Frontend_v2\\.next\\server\\chunks\\999.js:1:16767)\n    at l (C:\\Users\\programador01\\MyGP_Frontend_v2\\.next\\server\\app\\transbel\\entregas\\page.js:1:9176)\n    at ek (C:\\Users\\programador01\\MyGP_Frontend_v2\\node_modules\\next\\dist\\compiled\\next-server\\app-page.runtime.prod.js:17:13337)\n    at e (C:\\Users\\programador01\\MyGP_Frontend_v2\\node_modules\\next\\dist\\compiled\\next-server\\app-page.runtime.prod.js:17:17246)\n    at e$ (C:\\Users\\programador01\\MyGP_Frontend_v2\\node_modules\\next\\dist\\compiled\\next-server\\app-page.runtime.prod.js:17:17708)\n    at Array.toJSON (C:\\Users\\programador01\\MyGP_Frontend_v2\\node_modules\\next\\dist\\compiled\\next-server\\app-page.runtime.prod.js:17:14854)\n    at stringify (<anonymous>)\n    at eF (C:\\Users\\programador01\\MyGP_Frontend_v2\\node_modules\\next\\dist\\compiled\\next-server\\app-page.runtime.prod.js:17:26079)\n    at eq (C:\\Users\\programador01\\MyGP_Frontend_v2\\node_modules\\next\\dist\\compiled\\next-server\\app-page.runtime.prod.js:17:26391)","timestamp":"2025-06-24 10:05:47"}
